[3/21/2023, 11:44:31 AM][INFO] 重新初始化 config.json， {
  "baseVersion": "3.1.0-9572",
  "currentVersion": "3.1.0-9572",
  "previousVersion": "",
  "buildVersion": "9572",
  "skippedVersions": [],
  "inUsePkg": "",
  "hasRan": false
}
[3/21/2023, 11:44:31 AM][INFO] INSTALL_PKG_JSON_FILE_PATH is: /opt/QQ/resources/app/package.json
[3/21/2023, 11:44:31 AM][INFO] REAL_INSTALL_PKG_JSON_PATH is: /opt/QQ/resources/app/package.json
[3/21/2023, 11:44:31 AM][INFO] 启动主进程：../background.js
{
  "version": "3.1.0-9572",
  "startTime": 1679370271934,
  "endTime": 1679370271935,
  "costTime": 1
}
[3/21/2023, 11:45:40 AM][INFO] INSTALL_PKG_JSON_FILE_PATH is: /opt/QQ/resources/app/package.json
[3/21/2023, 11:45:40 AM][INFO] REAL_INSTALL_PKG_JSON_PATH is: /opt/QQ/resources/app/package.json
[3/21/2023, 11:45:40 AM][INFO] 启动主进程：../background.js
{
  "version": "3.1.0-9572",
  "startTime": 1679370340746,
  "endTime": 1679370340756,
  "costTime": 10
}
[3/21/2023, 11:49:03 AM][INFO] INSTALL_PKG_JSON_FILE_PATH is: /opt/QQ/resources/app/package.json
[3/21/2023, 11:49:03 AM][INFO] REAL_INSTALL_PKG_JSON_PATH is: /opt/QQ/resources/app/package.json
[3/21/2023, 11:49:03 AM][INFO] 启动主进程：../background.js
{
  "version": "3.1.0-9572",
  "startTime": 1679370543984,
  "endTime": 1679370543993,
  "costTime": 9
}
