[2023-03-21 11:46:01.209] [info]  [HotUpdater][clearOldVersions] start clear old version files
[2023-04-17 14:22:03.688] [info]  [HotUpdater][clearOldVersions] start clear old version files
[2023-04-17 14:22:04.227] [info]  [HotUpdater][prepareUpdate]: Start {
  newVersion: '3.1.1-11223',
  updateMode: 0,
  description: '修复了应用闪退的问题。',
  useHashPath: true
}
[2023-04-17 14:22:04.230] [info]  [HotUpdater][patchUpdate]: Start
[2023-04-17 14:22:04.230] [info]  [HotUpdater][patchUpdate]: Source file 3.1.0-9572.zip or 3.1.0-9572.zip.zip doesn't exists. Go normal update.
[2023-04-17 14:22:04.231] [info]  [HotUpdater][normalUpdate]: Start
[2023-04-17 14:22:04.232] [info]  [HotUpdater][downloadByEDL] Checking for 2Zip resource...
[2023-04-17 14:22:20.196] [info]  [HotUpdater][downloadByEDL] 2Zip resource exists.
[2023-04-17 14:22:25.192] [info]  [HotUpdater][downloadByEDL] Start download... {
  url: 'release|linux-x64/3.1.1-11223|fcce26dc/3.1.1-11223.zip.zip',
  directory: '/QQ/versions',
  filename: '3.1.1-11223.zip.zip'
}
[2023-04-25 20:12:45.078] [info]  [HotUpdater][clearOldVersions] start clear old version files
[2023-04-25 20:12:45.185] [info]  [HotUpdater][prepareUpdate]: Start {
  newVersion: '3.1.1-11223',
  updateMode: 0,
  description: '修复了应用闪退的问题。',
  useHashPath: true
}
[2023-04-25 20:12:45.187] [info]  [HotUpdater][patchUpdate]: Start
[2023-04-25 20:12:45.188] [info]  [HotUpdater][patchUpdate]: Source file 3.1.0-9572.zip or 3.1.0-9572.zip.zip doesn't exists. Go normal update.
[2023-04-25 20:12:45.188] [info]  [HotUpdater][normalUpdate]: Start
[2023-04-25 20:12:45.189] [info]  [HotUpdater][downloadByEDL] Checking for 2Zip resource...
[2023-04-25 20:12:50.069] [info]  [HotUpdater][downloadByEDL] 2Zip resource exists.
[2023-04-25 20:12:50.821] [info]  [HotUpdater][downloadByEDL] Start download... {
  url: 'release|linux-x64/3.1.1-11223|fcce26dc/3.1.1-11223.zip.zip',
  directory: '/QQ/versions',
  filename: '3.1.1-11223.zip.zip'
}
[2023-04-25 20:14:44.291] [error] [HotUpdater][downloadByEDL] Found different download filename of index.js, which should be 3.1.1-11223.zip.zip
[2023-04-25 20:14:44.294] [info]  [HotUpdater][normalUpdate]: Fail to download 3.1.1-11223.zip
[2023-04-25 20:14:44.294] [error] [HotUpdater][prepareUpdate]: Download hot update resources failed
[2023-04-25 20:18:40.156] [error] [HotUpdater][resumeDownload]: Resume failed.
